<?xml version="1.0" encoding="UTF-8"?>
<testng-results ignored="0" total="1" passed="1" failed="0" skipped="0">
  <reporter-output>
  </reporter-output>
  <suite started-at="2025-08-23T15:09:30 IST" name="Default suite" finished-at="2025-08-23T15:09:42 IST" duration-ms="11820">
    <groups>
    </groups>
    <test started-at="2025-08-23T15:09:30 IST" name="Default test" finished-at="2025-08-23T15:09:42 IST" duration-ms="11820">
      <class name="practice.VerifyProductTest">
        <test-method is-config="true" signature="beforeSuiteConfiguration()[pri:0, instance:practice.VerifyProductTest@6b81ce95]" started-at="2025-08-23T15:09:30 IST" name="beforeSuiteConfiguration" finished-at="2025-08-23T15:09:30 IST" duration-ms="12" status="PASS">
          <reporter-output>
          </reporter-output>
        </test-method> <!-- beforeSuiteConfiguration -->
        <test-method is-config="true" signature="beforeClassConfiguration()[pri:0, instance:practice.VerifyProductTest@6b81ce95]" started-at="2025-08-23T15:09:31 IST" name="beforeClassConfiguration" finished-at="2025-08-23T15:09:37 IST" duration-ms="6164" status="PASS">
          <reporter-output>
          </reporter-output>
        </test-method> <!-- beforeClassConfiguration -->
        <test-method is-config="true" signature="beforeMethodConfiguration()[pri:0, instance:practice.VerifyProductTest@6b81ce95]" started-at="2025-08-23T15:09:37 IST" name="beforeMethodConfiguration" finished-at="2025-08-23T15:09:37 IST" duration-ms="655" status="PASS">
          <reporter-output>
          </reporter-output>
        </test-method> <!-- beforeMethodConfiguration -->
        <test-method signature="TC002()[pri:0, instance:practice.VerifyProductTest@6b81ce95]" started-at="2025-08-23T15:09:37 IST" name="TC002" finished-at="2025-08-23T15:09:39 IST" duration-ms="1487" status="PASS">
          <reporter-output>
          </reporter-output>
        </test-method> <!-- TC002 -->
        <test-method is-config="true" signature="AfterMethodConfiguration()[pri:0, instance:practice.VerifyProductTest@6b81ce95]" started-at="2025-08-23T15:09:39 IST" name="AfterMethodConfiguration" finished-at="2025-08-23T15:09:41 IST" duration-ms="1683" status="PASS">
          <reporter-output>
          </reporter-output>
        </test-method> <!-- AfterMethodConfiguration -->
        <test-method is-config="true" signature="AfterClassConfiguration()[pri:0, instance:practice.VerifyProductTest@6b81ce95]" started-at="2025-08-23T15:09:41 IST" name="AfterClassConfiguration" finished-at="2025-08-23T15:09:42 IST" duration-ms="1273" status="PASS">
          <reporter-output>
          </reporter-output>
        </test-method> <!-- AfterClassConfiguration -->
        <test-method is-config="true" signature="AfterSuiteConfiguration()[pri:0, instance:practice.VerifyProductTest@6b81ce95]" started-at="2025-08-23T15:09:42 IST" name="AfterSuiteConfiguration" finished-at="2025-08-23T15:09:42 IST" duration-ms="1" status="PASS">
          <reporter-output>
          </reporter-output>
        </test-method> <!-- AfterSuiteConfiguration -->
      </class> <!-- practice.VerifyProductTest -->
    </test> <!-- Default test -->
  </suite> <!-- Default suite -->
</testng-results>
